[28-07-2024 22:59:14.740 INFO com.nopcommerce.users.Level_14_Log4j] - User_01_Register - STEP 01: Open Register Page
[28-07-2024 22:59:15.935 INFO com.nopcommerce.users.Level_14_Log4j] - User_01_Register - STEP 02: Click to Male Radio Button
[28-07-2024 22:59:16.215 INFO com.nopcommerce.users.Level_14_Log4j] - User_01_Register - STEP 03: Enter to Firstname textbox with valuePhượng
[28-07-2024 22:59:16.347 INFO com.nopcommerce.users.Level_14_Log4j] - User_01_Register - STEP 04: Enter to lastname textbox with valueNguyễn
[28-07-2024 22:59:16.389 INFO com.nopcommerce.users.Level_14_Log4j] - User_01_Register - STEP 05: select Day dropdown with value19
[28-07-2024 22:59:16.647 INFO com.nopcommerce.users.Level_14_Log4j] - User_01_Register - STEP 06: Select Month dropdown with valueJanuary
[28-07-2024 22:59:16.923 INFO com.nopcommerce.users.Level_14_Log4j] - User_01_Register - STEP 07: Select Year dropdown with value1989
[28-07-2024 22:59:17.180 INFO com.nopcommerce.users.Level_14_Log4j] - User_01_Register - STEP 08: Enter to Email textbox with valuephuong12037@gmail.com
[28-07-2024 22:59:17.220 INFO com.nopcommerce.users.Level_14_Log4j] - User_01_Register - STEP 09: Enter to Company textbox with valuePhuongNTACompany
[28-07-2024 22:59:17.301 INFO com.nopcommerce.users.Level_14_Log4j] - User_01_Register - STEP 10: Enter to Password textbox with value123456
[28-07-2024 22:59:17.343 INFO com.nopcommerce.users.Level_14_Log4j] - User_01_Register - STEP 11: Enter to Confirm Password textbox with value123456
[28-07-2024 22:59:17.391 INFO com.nopcommerce.users.Level_14_Log4j] - User_01_Register - STEP 12: Click to Register Button
[28-07-2024 22:59:18.126 INFO com.nopcommerce.users.Level_14_Log4j] - User_01_Register - STEP 13: Verify success message is displayed
[28-07-2024 22:59:18.203 INFO com.nopcommerce.users.Level_14_Log4j] - User_01_Register - STEP 14: Click to Logout Link
[28-07-2024 22:59:29.628 INFO com.nopcommerce.users.Level_14_Log4j] - User_01_Register - STEP 01: Open Register Page
[28-07-2024 22:59:30.826 INFO com.nopcommerce.users.Level_14_Log4j] - User_01_Register - STEP 02: Click to Male Radio Button
[28-07-2024 22:59:30.979 INFO com.nopcommerce.users.Level_14_Log4j] - User_01_Register - STEP 03: Enter to Firstname textbox with valuePhượng
[28-07-2024 22:59:31.147 INFO com.nopcommerce.users.Level_14_Log4j] - User_01_Register - STEP 04: Enter to lastname textbox with valueNguyễn
[28-07-2024 22:59:31.301 INFO com.nopcommerce.users.Level_14_Log4j] - User_01_Register - STEP 05: select Day dropdown with value19
[28-07-2024 22:59:31.420 INFO com.nopcommerce.users.Level_14_Log4j] - User_01_Register - STEP 06: Select Month dropdown with valueJanuary
[28-07-2024 22:59:31.549 INFO com.nopcommerce.users.Level_14_Log4j] - User_01_Register - STEP 07: Select Year dropdown with value1989
[28-07-2024 22:59:31.661 INFO com.nopcommerce.users.Level_14_Log4j] - User_01_Register - STEP 08: Enter to Email textbox with valuephuong12401@gmail.com
[28-07-2024 22:59:31.816 INFO com.nopcommerce.users.Level_14_Log4j] - User_01_Register - STEP 09: Enter to Company textbox with valuePhuongNTACompany
[28-07-2024 22:59:31.973 INFO com.nopcommerce.users.Level_14_Log4j] - User_01_Register - STEP 10: Enter to Password textbox with value123456
[28-07-2024 22:59:32.098 INFO com.nopcommerce.users.Level_14_Log4j] - User_01_Register - STEP 11: Enter to Confirm Password textbox with value123456
[28-07-2024 22:59:32.247 INFO com.nopcommerce.users.Level_14_Log4j] - User_01_Register - STEP 12: Click to Register Button
[28-07-2024 22:59:32.983 INFO com.nopcommerce.users.Level_14_Log4j] - User_01_Register - STEP 13: Verify success message is displayed
[28-07-2024 22:59:33.053 INFO com.nopcommerce.users.Level_14_Log4j] - User_01_Register - STEP 14: Click to Logout Link
[28-07-2024 22:59:44.335 INFO com.nopcommerce.users.Level_14_Log4j] - User_01_Register - STEP 01: Open Register Page
[28-07-2024 22:59:45.347 INFO com.nopcommerce.users.Level_14_Log4j] - User_01_Register - STEP 02: Click to Male Radio Button
[28-07-2024 22:59:45.490 INFO com.nopcommerce.users.Level_14_Log4j] - User_01_Register - STEP 03: Enter to Firstname textbox with valuePhượng
[28-07-2024 22:59:45.626 INFO com.nopcommerce.users.Level_14_Log4j] - User_01_Register - STEP 04: Enter to lastname textbox with valueNguyễn
[28-07-2024 22:59:45.747 INFO com.nopcommerce.users.Level_14_Log4j] - User_01_Register - STEP 05: select Day dropdown with value19
[28-07-2024 22:59:45.847 INFO com.nopcommerce.users.Level_14_Log4j] - User_01_Register - STEP 06: Select Month dropdown with valueJanuary
[28-07-2024 22:59:45.934 INFO com.nopcommerce.users.Level_14_Log4j] - User_01_Register - STEP 07: Select Year dropdown with value1989
[28-07-2024 22:59:46.022 INFO com.nopcommerce.users.Level_14_Log4j] - User_01_Register - STEP 08: Enter to Email textbox with valuephuong94759@gmail.com
[28-07-2024 22:59:46.150 INFO com.nopcommerce.users.Level_14_Log4j] - User_01_Register - STEP 09: Enter to Company textbox with valuePhuongNTACompany
[28-07-2024 22:59:46.276 INFO com.nopcommerce.users.Level_14_Log4j] - User_01_Register - STEP 10: Enter to Password textbox with value123456
[28-07-2024 22:59:46.409 INFO com.nopcommerce.users.Level_14_Log4j] - User_01_Register - STEP 11: Enter to Confirm Password textbox with value123456
[28-07-2024 22:59:46.530 INFO com.nopcommerce.users.Level_14_Log4j] - User_01_Register - STEP 12: Click to Register Button
[28-07-2024 22:59:47.270 INFO com.nopcommerce.users.Level_14_Log4j] - User_01_Register - STEP 13: Verify success message is displayed
[28-07-2024 22:59:47.317 INFO com.nopcommerce.users.Level_14_Log4j] - User_01_Register - STEP 14: Click to Logout Link
